0 info it worked if it ends with ok
1 verbose cli [
1 verbose cli   'C:\\Program Files\\nodejs\\node.exe',
1 verbose cli   'c:\\v3\\node_modules\\npm\\bin\\npm-cli.js',
1 verbose cli   'start'
1 verbose cli ]
2 info using npm@2.15.12
3 info using node@v16.13.0
4 verbose run-script [ 'prestart', 'start', 'poststart' ]
5 info prestart HoshiBot@0.0.1
6 info start HoshiBot@0.0.1
7 verbose unsafe-perm in lifecycle true
8 info HoshiBot@0.0.1 Failed to exec start script
9 verbose stack Error: HoshiBot@0.0.1 start: `node .`
9 verbose stack Exit status 1
9 verbose stack     at EventEmitter.<anonymous> (c:\v3\node_modules\npm\lib\utils\lifecycle.js:217:16)
9 verbose stack     at EventEmitter.emit (node:events:390:28)
9 verbose stack     at ChildProcess.<anonymous> (c:\v3\node_modules\npm\lib\utils\spawn.js:24:14)
9 verbose stack     at ChildProcess.emit (node:events:390:28)
9 verbose stack     at maybeClose (node:internal/child_process:1064:16)
9 verbose stack     at Process.ChildProcess._handle.onexit (node:internal/child_process:301:5)
10 verbose pkgid HoshiBot@0.0.1
11 verbose cwd c:\v3
12 error Windows_NT 10.0.15063
13 error argv "C:\\Program Files\\nodejs\\node.exe" "c:\\v3\\node_modules\\npm\\bin\\npm-cli.js" "start"
14 error node v16.13.0
15 error npm  v2.15.12
16 error code ELIFECYCLE
17 error HoshiBot@0.0.1 start: `node .`
17 error Exit status 1
18 error Failed at the HoshiBot@0.0.1 start script 'node .'.
18 error This is most likely a problem with the HoshiBot package,
18 error not with npm itself.
18 error Tell the author that this fails on your system:
18 error     node .
18 error You can get information on how to open an issue for this project with:
18 error     npm bugs HoshiBot
18 error Or if that isn't available, you can get their info via:
18 error
18 error     npm owner ls HoshiBot
18 error There is likely additional logging output above.
19 verbose exit [ 1, true ]
